# JRE version: OpenJDK Runtime Environment OpenLogic-OpenJDK (17.0.9+9) (build 17.0.9+9-adhoc..jdk17u)
# Java VM: OpenJDK 64-Bit Server VM OpenLogic-OpenJDK (17.0.9+9-adhoc..jdk17u, mixed mode, tiered, compressed oops, compressed class ptrs, g1 gc, windows-amd64)
GC Precious Log:
 CPUs: 8 total, 8 available
 Memory: 8097M
 Large Page Support: Disabled
 NUMA Support: Disabled
 Compressed Oops: Enabled (32-bit)
 Heap Region Size: 1M
 Heap Min Capacity: 8M
 Heap Initial Capacity: 128M
 Heap Max Capacity: 2G
 Pre-touch: Disabled
 Parallel Workers: 8
 Concurrent Workers: 2
 Concurrent Refinement Workers: 8
 Periodic GC: Disabled
Heap:
 garbage-first heap   total 268288K, used 157528K [0x0000000080000000, 0x0000000100000000)
  region size 1024K, 6 young (6144K), 6 survivors (6144K)
 Metaspace       used 108858K, committed 109824K, reserved 557056K
  class space    used 14973K, committed 15424K, reserved 425984K
GC Heap History (20 events):
Event: 42.227 GC heap after
{Heap after GC invocations=63 (full 0):
 garbage-first heap   total 178176K, used 104353K [0x0000000080000000, 0x0000000100000000)
  region size 1024K, 2 young (2048K), 2 survivors (2048K)
 Metaspace       used 95967K, committed 96768K, reserved 557056K
  class space    used 13329K, committed 13696K, reserved 425984K
}
Event: 43.247 GC heap before
{Heap before GC invocations=64 (full 0):
 garbage-first heap   total 188416K, used 143265K [0x0000000080000000, 0x0000000100000000)
  region size 1024K, 37 young (37888K), 2 survivors (2048K)
 Metaspace       used 96494K, committed 97344K, reserved 557056K
  class space    used 13383K, committed 13760K, reserved 425984K
}
Event: 43.257 GC heap after
{Heap after GC invocations=65 (full 0):
 garbage-first heap   total 188416K, used 118217K [0x0000000080000000, 0x0000000100000000)
  region size 1024K, 6 young (6144K), 6 survivors (6144K)
 Metaspace       used 96494K, committed 97344K, reserved 557056K
  class space    used 13383K, committed 13760K, reserved 425984K
}
Event: 44.034 GC heap before
{Heap before GC invocations=66 (full 0):
 garbage-first heap   total 209920K, used 150985K [0x0000000080000000, 0x0000000100000000)
  region size 1024K, 38 young (38912K), 6 survivors (6144K)
 Metaspace       used 96841K, committed 97792K, reserved 557056K
  class space    used 13416K, committed 13824K, reserved 425984K
}
Event: 44.042 GC heap after
{Heap after GC invocations=67 (full 0):
 garbage-first heap   total 209920K, used 126435K [0x0000000080000000, 0x0000000100000000)
  region size 1024K, 5 young (5120K), 5 survivors (5120K)
 Metaspace       used 96841K, committed 97792K, reserved 557056K
  class space    used 13416K, committed 13824K, reserved 425984K
}
Event: 44.148 GC heap before
{Heap before GC invocations=67 (full 0):
 garbage-first heap   total 209920K, used 132579K [0x0000000080000000, 0x0000000100000000)
  region size 1024K, 10 young (10240K), 5 survivors (5120K)
 Metaspace       used 96855K, committed 97792K, reserved 557056K
  class space    used 13418K, committed 13824K, reserved 425984K
}
Event: 44.157 GC heap after
{Heap after GC invocations=68 (full 0):
 garbage-first heap   total 251904K, used 130849K [0x0000000080000000, 0x0000000100000000)
  region size 1024K, 2 young (2048K), 2 survivors (2048K)
 Metaspace       used 96855K, committed 97792K, reserved 557056K
  class space    used 13418K, committed 13824K, reserved 425984K
}
Event: 45.526 GC heap before
{Heap before GC invocations=68 (full 0):
 garbage-first heap   total 251904K, used 187169K [0x0000000080000000, 0x0000000100000000)
  region size 1024K, 57 young (58368K), 2 survivors (2048K)
 Metaspace       used 100198K, committed 101184K, reserved 557056K
  class space    used 13925K, committed 14400K, reserved 425984K
}
Event: 45.538 GC heap after
{Heap after GC invocations=69 (full 0):
 garbage-first heap   total 251904K, used 135371K [0x0000000080000000, 0x0000000100000000)
  region size 1024K, 7 young (7168K), 7 survivors (7168K)
 Metaspace       used 100198K, committed 101184K, reserved 557056K
  class space    used 13925K, committed 14400K, reserved 425984K
}
Event: 47.108 GC heap before
{Heap before GC invocations=70 (full 0):
 garbage-first heap   total 251904K, used 191691K [0x0000000080000000, 0x0000000100000000)
  region size 1024K, 62 young (63488K), 7 survivors (7168K)
 Metaspace       used 104134K, committed 105088K, reserved 557056K
  class space    used 14418K, committed 14848K, reserved 425984K
}
Event: 47.122 GC heap after
{Heap after GC invocations=71 (full 0):
 garbage-first heap   total 251904K, used 140012K [0x0000000080000000, 0x0000000100000000)
  region size 1024K, 5 young (5120K), 5 survivors (5120K)
 Metaspace       used 104134K, committed 105088K, reserved 557056K
  class space    used 14418K, committed 14848K, reserved 425984K
}
Event: 47.374 GC heap before
{Heap before GC invocations=71 (full 0):
 garbage-first heap   total 251904K, used 147180K [0x0000000080000000, 0x0000000100000000)
  region size 1024K, 12 young (12288K), 5 survivors (5120K)
 Metaspace       used 104354K, committed 105344K, reserved 557056K
  class space    used 14438K, committed 14912K, reserved 425984K
}
Event: 47.387 GC heap after
{Heap after GC invocations=72 (full 0):
 garbage-first heap   total 251904K, used 141074K [0x0000000080000000, 0x0000000100000000)
  region size 1024K, 2 young (2048K), 2 survivors (2048K)
 Metaspace       used 104354K, committed 105344K, reserved 557056K
  class space    used 14438K, committed 14912K, reserved 425984K
}
Event: 48.511 GC heap before
{Heap before GC invocations=72 (full 0):
 garbage-first heap   total 251904K, used 197394K [0x0000000080000000, 0x0000000100000000)
  region size 1024K, 57 young (58368K), 2 survivors (2048K)
 Metaspace       used 105400K, committed 106432K, reserved 557056K
  class space    used 14555K, committed 15040K, reserved 425984K
}
Event: 48.526 GC heap after
{Heap after GC invocations=73 (full 0):
 garbage-first heap   total 251904K, used 146431K [0x0000000080000000, 0x0000000100000000)
  region size 1024K, 8 young (8192K), 8 survivors (8192K)
 Metaspace       used 105400K, committed 106432K, reserved 557056K
  class space    used 14555K, committed 15040K, reserved 425984K
}
Event: 49.671 GC heap before
{Heap before GC invocations=74 (full 0):
 garbage-first heap   total 268288K, used 203775K [0x0000000080000000, 0x0000000100000000)
  region size 1024K, 60 young (61440K), 8 survivors (8192K)
 Metaspace       used 107954K, committed 108864K, reserved 557056K
  class space    used 14865K, committed 15296K, reserved 425984K
}
Event: 49.689 GC heap after
{Heap after GC invocations=75 (full 0):
 garbage-first heap   total 268288K, used 152658K [0x0000000080000000, 0x0000000100000000)
  region size 1024K, 7 young (7168K), 7 survivors (7168K)
 Metaspace       used 107954K, committed 108864K, reserved 557056K
  class space    used 14865K, committed 15296K, reserved 425984K
}
Event: 49.743 GC heap before
{Heap before GC invocations=75 (full 0):
 garbage-first heap   total 268288K, used 157778K [0x0000000080000000, 0x0000000100000000)
  region size 1024K, 13 young (13312K), 7 survivors (7168K)
 Metaspace       used 108005K, committed 108992K, reserved 557056K
  class space    used 14867K, committed 15360K, reserved 425984K
}
Event: 49.752 GC heap after
{Heap after GC invocations=76 (full 0):
 garbage-first heap   total 268288K, used 153372K [0x0000000080000000, 0x0000000100000000)
  region size 1024K, 2 young (2048K), 2 survivors (2048K)
 Metaspace       used 108005K, committed 108992K, reserved 557056K
  class space    used 14867K, committed 15360K, reserved 425984K
}
Event: 50.841 GC heap before
{Heap before GC invocations=76 (full 0):
 garbage-first heap   total 268288K, used 211740K [0x0000000080000000, 0x0000000100000000)
  region size 1024K, 60 young (61440K), 2 survivors (2048K)
 Metaspace       used 108858K, committed 109824K, reserved 557056K
  class space    used 14973K, committed 15424K, reserved 425984K
}

